<?xml version="1.0" encoding="UTF-8"?>
<!-- Generated by org.testng.reporters.JUnitReportReporter -->
<testsuite hostname="DESKTOP-MEGCP4U" name="Reprice_US_main.CreateRequest_res1Repricehistory" tests="3" failures="0" timestamp="18 Jan 2022 11:31:56 GMT" time="32.958" errors="0">
  <testcase name="searchRequest" time="13.079" classname="Reprice_US_main.CreateRequest_res1Repricehistory"/>
  <testcase name="RepriceHistory" time="6.307" classname="Reprice_US_main.CreateRequest_res1Repricehistory"/>
  <testcase name="RIPC_Login" time="13.572" classname="Reprice_US_main.CreateRequest_res1Repricehistory"/>
</testsuite> <!-- Reprice_US_main.CreateRequest_res1Repricehistory -->
