<?xml version="1.0" encoding="UTF-8"?>
<!-- Generated by org.testng.reporters.JUnitReportReporter -->
<testsuite hostname="DESKTOP-MEGCP4U" name="Reprice_IN_main.CreateRequestAuth_resp1Repricehistory" tests="3" failures="0" timestamp="18 Jan 2022 17:43:14 GMT" time="73.193" errors="0">
  <testcase name="searchRequest" time="6.046" classname="Reprice_IN_main.CreateRequestAuth_resp1Repricehistory"/>
  <testcase name="RepriceHistory" time="10.479" classname="Reprice_IN_main.CreateRequestAuth_resp1Repricehistory"/>
  <testcase name="RIPC_Login" time="56.668" classname="Reprice_IN_main.CreateRequestAuth_resp1Repricehistory"/>
</testsuite> <!-- Reprice_IN_main.CreateRequestAuth_resp1Repricehistory -->
