<?xml version="1.0" encoding="UTF-8"?>
<!-- Generated by org.testng.reporters.JUnitReportReporter -->
<testsuite hostname="DESKTOP-MEGCP4U" name="Reprice_IN_main.Response1_Reprice" tests="1" failures="0" timestamp="18 Jan 2022 17:40:46 GMT" time="43.769" errors="0">
  <testcase name="add_response" time="43.769" classname="Reprice_IN_main.Response1_Reprice"/>
</testsuite> <!-- Reprice_IN_main.Response1_Reprice -->
