<?xml version="1.0" encoding="UTF-8"?>
<!-- Generated by org.testng.reporters.JUnitReportReporter -->
<testsuite hostname="DESKTOP-MEGCP4U" name="Reprice_GB_main.Response1_Reprice" tests="1" failures="0" timestamp="18 Jan 2022 13:50:41 GMT" time="57.006" errors="0">
  <testcase name="add_response" time="57.006" classname="Reprice_GB_main.Response1_Reprice"/>
</testsuite> <!-- Reprice_GB_main.Response1_Reprice -->
