<?xml version="1.0" encoding="UTF-8"?>
<!-- Generated by org.testng.reporters.JUnitReportReporter -->
<testsuite hostname="DESKTOP-MEGCP4U" name="Reprice_US_main.AddResponse_Reprice" tests="4" failures="0" timestamp="18 Jan 2022 07:42:42 GMT" time="41.107" errors="0">
  <testcase name="resp2_search_request" time="15.152" classname="Reprice_US_main.AddResponse_Reprice"/>
  <testcase name="resp2_reprice" time="13.644" classname="Reprice_US_main.AddResponse_Reprice"/>
  <testcase name="resp2login" time="12.004" classname="Reprice_US_main.AddResponse_Reprice"/>
  <testcase name="resp2_alertcall" time="0.307" classname="Reprice_US_main.AddResponse_Reprice"/>
</testsuite> <!-- Reprice_US_main.AddResponse_Reprice -->
