<?xml version="1.0" encoding="UTF-8"?>
<!-- Generated by org.testng.reporters.JUnitReportReporter -->
<testsuite hostname="DESKTOP-MEGCP4U" name="MulSkill_IN_main.CreateRequestAuth_IN" tests="12" failures="0" timestamp="28 Dec 2021 10:15:21 GMT" time="166.631" errors="0">
  <testcase name="submit_req" time="5.615" classname="MulSkill_IN_main.CreateRequestAuth_IN"/>
  <testcase name="RIPC_Login" time="56.700" classname="MulSkill_IN_main.CreateRequestAuth_IN"/>
  <testcase name="alert_call" time="0.029" classname="MulSkill_IN_main.CreateRequestAuth_IN"/>
  <testcase name="rates_details" time="5.994" classname="MulSkill_IN_main.CreateRequestAuth_IN"/>
  <testcase name="loc_details" time="8.205" classname="MulSkill_IN_main.CreateRequestAuth_IN"/>
  <testcase name="select_jrss" time="6.928" classname="MulSkill_IN_main.CreateRequestAuth_IN"/>
  <testcase name="create_req" time="3.975" classname="MulSkill_IN_main.CreateRequestAuth_IN"/>
  <testcase name="selecting_jrss2" time="33.217" classname="MulSkill_IN_main.CreateRequestAuth_IN"/>
  <testcase name="skill_req" time="3.311" classname="MulSkill_IN_main.CreateRequestAuth_IN"/>
  <testcase name="sup_slection" time="17.552" classname="MulSkill_IN_main.CreateRequestAuth_IN"/>
  <testcase name="select_requestor" time="7.915" classname="MulSkill_IN_main.CreateRequestAuth_IN"/>
  <testcase name="req_details" time="17.190" classname="MulSkill_IN_main.CreateRequestAuth_IN"/>
</testsuite> <!-- MulSkill_IN_main.CreateRequestAuth_IN -->
