<?xml version="1.0" encoding="UTF-8"?>
<!-- Generated by org.testng.reporters.JUnitReportReporter -->
<testsuite hostname="DESKTOP-MEGCP4U" name="Reprice_US_main.Response2_Reprice" tests="2" failures="0" timestamp="18 Jan 2022 11:17:26 GMT" time="95.627" errors="0">
  <testcase name="resp1login" time="43.471" classname="Reprice_US_main.Response2_Reprice"/>
  <testcase name="resp2login" time="52.156" classname="Reprice_US_main.Response2_Reprice"/>
</testsuite> <!-- Reprice_US_main.Response2_Reprice -->
