<?xml version="1.0" encoding="UTF-8"?>
<!-- Generated by org.testng.reporters.JUnitReportReporter -->
<testsuite hostname="DESKTOP-MEGCP4U" name="Reprice_US_main.Response1_Reprice" tests="1" failures="0" timestamp="18 Jan 2022 11:30:41 GMT" time="52.795" errors="0">
  <testcase name="resp1login" time="52.795" classname="Reprice_US_main.Response1_Reprice"/>
</testsuite> <!-- Reprice_US_main.Response1_Reprice -->
