<?xml version="1.0" encoding="UTF-8"?>
<!-- Generated by org.testng.reporters.JUnitReportReporter -->
<testsuite hostname="DESKTOP-MEGCP4U" name="Reprice_GB_main.CreateRequest_GB" tests="10" failures="0" timestamp="18 Jan 2022 12:30:45 GMT" time="195.682" errors="0">
  <testcase name="rates_details" time="9.441" classname="Reprice_GB_main.CreateRequest_GB"/>
  <testcase name="sup_slection" time="28.525" classname="Reprice_GB_main.CreateRequest_GB"/>
  <testcase name="create_req" time="2.577" classname="Reprice_GB_main.CreateRequest_GB"/>
  <testcase name="alert_call" time="0.026" classname="Reprice_GB_main.CreateRequest_GB"/>
  <testcase name="skill_req" time="1.799" classname="Reprice_GB_main.CreateRequest_GB"/>
  <testcase name="loc_details" time="10.273" classname="Reprice_GB_main.CreateRequest_GB"/>
  <testcase name="RIPC_Login" time="113.178" classname="Reprice_GB_main.CreateRequest_GB"/>
  <testcase name="select_jrss" time="4.425" classname="Reprice_GB_main.CreateRequest_GB"/>
  <testcase name="select_requestor" time="8.575" classname="Reprice_GB_main.CreateRequest_GB"/>
  <testcase name="req_details" time="16.863" classname="Reprice_GB_main.CreateRequest_GB"/>
</testsuite> <!-- Reprice_GB_main.CreateRequest_GB -->
