<?xml version="1.0" encoding="UTF-8"?>
<!-- Generated by org.testng.reporters.JUnitReportReporter -->
<testsuite hostname="DESKTOP-MEGCP4U" name="Reprice_IN_main.CreateRequestAuth_IN" tests="11" failures="0" timestamp="18 Jan 2022 15:54:56 GMT" time="114.927" errors="0">
  <testcase name="loc_details" time="6.938" classname="Reprice_IN_main.CreateRequestAuth_IN"/>
  <testcase name="RIPC_Login" time="55.267" classname="Reprice_IN_main.CreateRequestAuth_IN"/>
  <testcase name="skill_req" time="1.657" classname="Reprice_IN_main.CreateRequestAuth_IN"/>
  <testcase name="alert_call" time="0.028" classname="Reprice_IN_main.CreateRequestAuth_IN"/>
  <testcase name="submit_req" time="4.115" classname="Reprice_IN_main.CreateRequestAuth_IN"/>
  <testcase name="rates_details" time="5.131" classname="Reprice_IN_main.CreateRequestAuth_IN"/>
  <testcase name="select_jrss" time="4.907" classname="Reprice_IN_main.CreateRequestAuth_IN"/>
  <testcase name="select_requestor" time="6.993" classname="Reprice_IN_main.CreateRequestAuth_IN"/>
  <testcase name="create_req" time="2.730" classname="Reprice_IN_main.CreateRequestAuth_IN"/>
  <testcase name="sup_slection" time="14.805" classname="Reprice_IN_main.CreateRequestAuth_IN"/>
  <testcase name="req_details" time="12.356" classname="Reprice_IN_main.CreateRequestAuth_IN"/>
</testsuite> <!-- Reprice_IN_main.CreateRequestAuth_IN -->
