<?xml version="1.0" encoding="UTF-8"?>
<!-- Generated by org.testng.reporters.JUnitReportReporter -->
<testsuite hostname="DESKTOP-MEGCP4U" name="Reprice_GB_main.CreateRequest_resp2RepriceHistory" tests="3" failures="0" timestamp="18 Jan 2022 13:45:33 GMT" time="135.036" errors="0">
  <testcase name="searchRequest" time="11.749" classname="Reprice_GB_main.CreateRequest_resp2RepriceHistory"/>
  <testcase name="RIPC_Login" time="114.489" classname="Reprice_GB_main.CreateRequest_resp2RepriceHistory"/>
  <testcase name="RepriceHistory" time="8.798" classname="Reprice_GB_main.CreateRequest_resp2RepriceHistory"/>
</testsuite> <!-- Reprice_GB_main.CreateRequest_resp2RepriceHistory -->
