<?xml version="1.0" encoding="UTF-8"?>
<!-- Generated by org.testng.reporters.JUnitReportReporter -->
<testsuite hostname="DESKTOP-MEGCP4U" name="Reprice_US_main.CreateRequest__req2Repricehistory" tests="3" failures="0" timestamp="18 Jan 2022 08:25:44 GMT" time="34.368" errors="0">
  <testcase name="searchRequest" time="12.614" classname="Reprice_US_main.CreateRequest__req2Repricehistory"/>
  <testcase name="RepriceHistory" time="6.208" classname="Reprice_US_main.CreateRequest__req2Repricehistory"/>
  <testcase name="RIPC_Login" time="15.546" classname="Reprice_US_main.CreateRequest__req2Repricehistory"/>
</testsuite> <!-- Reprice_US_main.CreateRequest__req2Repricehistory -->
