<?xml version="1.0" encoding="UTF-8"?>
<!-- Generated by org.testng.reporters.JUnitReportReporter -->
<testsuite hostname="DESKTOP-MEGCP4U" name="Reprice_IN_main.AddResponse_IN" tests="1" failures="0" timestamp="18 Jan 2022 16:52:56 GMT" time="75.964" errors="0">
  <testcase name="add_response" time="75.964" classname="Reprice_IN_main.AddResponse_IN"/>
</testsuite> <!-- Reprice_IN_main.AddResponse_IN -->
