<?xml version="1.0" encoding="UTF-8"?>
<!-- Generated by org.testng.reporters.JUnitReportReporter -->
<testsuite hostname="DESKTOP-MEGCP4U" name="Reprice_GB_main.CreateRequest_resp1RepriceHistory" tests="3" failures="0" timestamp="18 Jan 2022 14:03:22 GMT" time="131.687" errors="0">
  <testcase name="RIPC_Login" time="114.603" classname="Reprice_GB_main.CreateRequest_resp1RepriceHistory"/>
  <testcase name="searchRequest" time="7.218" classname="Reprice_GB_main.CreateRequest_resp1RepriceHistory"/>
  <testcase name="RepriceHistory" time="9.866" classname="Reprice_GB_main.CreateRequest_resp1RepriceHistory"/>
</testsuite> <!-- Reprice_GB_main.CreateRequest_resp1RepriceHistory -->
