<?xml version="1.0" encoding="UTF-8"?>
<!-- Generated by org.testng.reporters.JUnitReportReporter -->
<testsuite hostname="DESKTOP-MEGCP4U" name="Reprice_GB_main.AddResponse" tests="2" failures="0" timestamp="18 Jan 2022 13:16:19 GMT" time="242.179" errors="0">
  <testcase name="add_response1" time="116.566" classname="Reprice_GB_main.AddResponse"/>
  <testcase name="add_response" time="125.613" classname="Reprice_GB_main.AddResponse"/>
</testsuite> <!-- Reprice_GB_main.AddResponse -->
