<?xml version="1.0" encoding="UTF-8"?>
<!-- Generated by org.testng.reporters.JUnitReportReporter -->
<testsuite hostname="DESKTOP-MEGCP4U" name="Reprice_US_main.CreateRequest__res1Repricehistory" tests="3" failures="0" timestamp="18 Jan 2022 08:41:04 GMT" time="34.627" errors="0">
  <testcase name="RIPC_Login" time="14.330" classname="Reprice_US_main.CreateRequest__res1Repricehistory"/>
  <testcase name="searchRequest" time="12.760" classname="Reprice_US_main.CreateRequest__res1Repricehistory"/>
  <testcase name="RepriceHistory" time="7.537" classname="Reprice_US_main.CreateRequest__res1Repricehistory"/>
</testsuite> <!-- Reprice_US_main.CreateRequest__res1Repricehistory -->
