<?xml version="1.0" encoding="UTF-8"?>
<!-- Generated by org.testng.reporters.JUnitReportReporter -->
<testsuite hostname="DESKTOP-MEGCP4U" name="Reprice_US_main.CreateRequest_US" tests="11" failures="0" timestamp="18 Jan 2022 09:51:22 GMT" time="104.902" errors="0">
  <testcase name="RIPC_Login" time="15.120" classname="Reprice_US_main.CreateRequest_US"/>
  <testcase name="select_jrss" time="5.425" classname="Reprice_US_main.CreateRequest_US"/>
  <testcase name="switch_cntry" time="3.388" classname="Reprice_US_main.CreateRequest_US"/>
  <testcase name="req_details" time="13.260" classname="Reprice_US_main.CreateRequest_US"/>
  <testcase name="create_req" time="10.020" classname="Reprice_US_main.CreateRequest_US"/>
  <testcase name="select_requestor" time="10.387" classname="Reprice_US_main.CreateRequest_US"/>
  <testcase name="loc_details" time="9.666" classname="Reprice_US_main.CreateRequest_US"/>
  <testcase name="rates_details" time="7.465" classname="Reprice_US_main.CreateRequest_US"/>
  <testcase name="sup_slection" time="23.555" classname="Reprice_US_main.CreateRequest_US"/>
  <testcase name="skill_req" time="6.535" classname="Reprice_US_main.CreateRequest_US"/>
  <testcase name="alert_call" time="0.081" classname="Reprice_US_main.CreateRequest_US"/>
</testsuite> <!-- Reprice_US_main.CreateRequest_US -->
