<?xml version="1.0" encoding="UTF-8"?>
<!-- Generated by org.testng.reporters.JUnitReportReporter -->
<testsuite hostname="DESKTOP-MEGCP4U" name="Reprice_GB_main.Response2_Reprice" tests="2" failures="0" timestamp="18 Jan 2022 13:35:31 GMT" time="91.433" errors="0">
  <testcase name="add_response" time="49.831" classname="Reprice_GB_main.Response2_Reprice"/>
  <testcase name="add_response1" time="41.602" classname="Reprice_GB_main.Response2_Reprice"/>
</testsuite> <!-- Reprice_GB_main.Response2_Reprice -->
